<?xml version="1.0" encoding="UTF-8"?>
<testsuite xmlns:xsi="http://www.w3.org/2001/XMLSchema-instance" xsi:noNamespaceSchemaLocation="https://maven.apache.org/surefire/maven-surefire-plugin/xsd/surefire-test-report.xsd" version="3.0.2" name="com.smartwallet.withdrawalservice.WithdrawalServiceIntegrationTest" time="6.915" tests="2" errors="0" skipped="0" failures="0">
  <properties>
[...]
</properties>
  <testcase name="withdrawRejectsInsufficientFunds" classname="com.smartwallet.withdrawalservice.WithdrawalServiceIntegrationTest" time="0.32">
    <system-out><![CDATA[14:04:37.660 [main] INFO org.springframework.test.context.support.AnnotationConfigContextLoaderUtils -- Could not detect default configuration classes for test class [com.smartwallet.withdrawalservice.WithdrawalServiceIntegrationTest]: WithdrawalServiceIntegrationTest does not declare any static, non-private, non-final, nested classes annotated with @Configuration.
14:04:37.816 [main] INFO org.springframework.boot.test.context.SpringBootTestContextBootstrapper -- Found @SpringBootConfiguration com.smartwallet.withdrawalservice.WithdrawalserviceApplication for test class com.smartwallet.withdrawalservice.WithdrawalServiceIntegrationTest
14:04:37.912 [main] INFO org.springframework.test.context.support.AnnotationConfigContextLoaderUtils -- Could not detect default configuration classes for test class [com.smartwallet.withdrawalservice.WithdrawalServiceIntegrationTest]: WithdrawalServiceIntegrationTest does not declare any static, non-private, non-final, nested classes annotated with @Configuration.
14:04:37.917 [main] INFO org.springframework.boot.test.context.SpringBootTestContextBootstrapper -- Found @SpringBootConfiguration com.smartwallet.withdrawalservice.WithdrawalserviceApplication for test class com.smartwallet.withdrawalservice.WithdrawalServiceIntegrationTest

  .   ____          _            __ _ _
 /\\ / ___'_ __ _ _(_)_ __  __ _ \ \ \ \
( ( )\___ | '_ | '_| | '_ \/ _` | \ \ \ \
 \\/  ___)| |_)| | | | | || (_| |  ) ) ) )
  '  |____| .__|_| |_|_| |_\__, | / / / /
 =========|_|==============|___/=/_/_/_/

 :: Spring Boot ::                (v4.1.0)

2026-08-20T14:04:38.298+05:30  INFO 22536 --- [           main] c.s.w.WithdrawalServiceIntegrationTest   : Starting WithdrawalServiceIntegrationTest using Java 21.0.12.1 with PID 22536 (started by ASHEN in D:\Intern projects\wallet\withdrawal-service)
2026-08-20T14:04:38.299+05:30  INFO 22536 --- [           main] c.s.w.WithdrawalServiceIntegrationTest   : No active profile set, falling back to 1 default profile: "default"
2026-08-20T14:04:39.076+05:30  INFO 22536 --- [           main] .s.d.r.c.RepositoryConfigurationDelegate : Bootstrapping Spring Data JPA repositories in DEFAULT mode.
2026-08-20T14:04:39.133+05:30  INFO 22536 --- [           main] .s.d.r.c.RepositoryConfigurationDelegate : Finished Spring Data repository scanning in 44 ms. Found 1 JPA repository interface.
2026-08-20T14:04:40.213+05:30  INFO 22536 --- [           main] org.hibernate.orm.jpa                    : HHH008540: Processing PersistenceUnitInfo [name: default]
2026-08-20T14:04:40.296+05:30  INFO 22536 --- [           main] org.hibernate.orm.core                   : HHH000001: Hibernate ORM core version 7.4.1.Final
2026-08-20T14:04:40.719+05:30  INFO 22536 --- [           main] o.s.o.j.p.SpringPersistenceUnitInfo      : No LoadTimeWeaver setup: ignoring JPA class transformer
2026-08-20T14:04:40.762+05:30  INFO 22536 --- [           main] com.zaxxer.hikari.HikariDataSource       : HikariPool-1 - Starting...
2026-08-20T14:04:40.982+05:30  INFO 22536 --- [           main] com.zaxxer.hikari.pool.HikariPool        : HikariPool-1 - Added connection conn0: url=jdbc:h2:mem:wallet user=SA
2026-08-20T14:04:40.985+05:30  INFO 22536 --- [           main] com.zaxxer.hikari.HikariDataSource       : HikariPool-1 - Start completed.
2026-08-20T14:04:41.081+05:30  INFO 22536 --- [           main] org.hibernate.orm.connections.pooling    : HHH10001005: Database info:
	Database JDBC URL [jdbc:h2:mem:wallet]
	Database driver: H2 JDBC Driver
	Database dialect: H2Dialect
	Database version: 2.4.240
	Default catalog/schema: WALLET/PUBLIC
	Autocommit mode: undefined/unknown
	Isolation level: READ_COMMITTED [default READ_COMMITTED]
	JDBC fetch size: 100
	Pool: DataSourceConnectionProvider
	Minimum pool size: undefined/unknown
	Maximum pool size: undefined/unknown
2026-08-20T14:04:41.963+05:30  INFO 22536 --- [           main] org.hibernate.orm.core                   : HHH000489: No JTA platform available (set 'hibernate.transaction.jta.platform' to enable JTA platform integration)
2026-08-20T14:04:42.006+05:30  INFO 22536 --- [           main] j.LocalContainerEntityManagerFactoryBean : Initialized JPA EntityManagerFactory for persistence unit 'default'
2026-08-20T14:04:42.122+05:30  INFO 22536 --- [           main] o.s.d.j.r.query.QueryEnhancerFactories   : Hibernate is in classpath; If applicable, HQL parser will be used.
2026-08-20T14:04:43.019+05:30  WARN 22536 --- [           main] JpaBaseConfiguration$JpaWebConfiguration : spring.jpa.open-in-view is enabled by default. Therefore, database queries may be performed during view rendering. Explicitly configure spring.jpa.open-in-view to disable this warning
2026-08-20T14:04:43.751+05:30  INFO 22536 --- [           main] o.s.b.t.m.w.SpringBootMockServletContext : Initializing Spring TestDispatcherServlet ''
2026-08-20T14:04:43.751+05:30  INFO 22536 --- [           main] o.s.t.web.servlet.TestDispatcherServlet  : Initializing Servlet ''
2026-08-20T14:04:43.761+05:30  INFO 22536 --- [           main] o.s.b.a.e.web.EndpointLinksResolver      : Exposing 1 endpoint beneath base path '/actuator'
2026-08-20T14:04:43.789+05:30  INFO 22536 --- [           main] o.s.t.web.servlet.TestDispatcherServlet  : Completed initialization in 37 ms
2026-08-20T14:04:43.855+05:30  INFO 22536 --- [           main] c.s.w.WithdrawalServiceIntegrationTest   : Started WithdrawalServiceIntegrationTest in 5.865 seconds (process running for 8.63)
]]></system-out>
  </testcase>
  <testcase name="withdrawDebitsBalanceAndRecordsTransaction" classname="com.smartwallet.withdrawalservice.WithdrawalServiceIntegrationTest" time="0.058"/>
</testsuite>